This file contains any messages produced by compilers while
running configure, to aid debugging if configure makes a mistake.

It was created by libXinerama configure 1.1, which was
generated by GNU Autoconf 2.65.  Invocation command line was

  $ ../configure --prefix=/usr --mandir=${prefix}/share/man --infodir=${prefix}/share/info --build=x86_64-linux-gnu CFLAGS=-Wall -g -O2

## --------- ##
## Platform. ##
## --------- ##

hostname = mattes18
uname -m = x86_64
uname -r = 2.6.32-24-generic
uname -s = Linux
uname -v = #41-Ubuntu SMP Thu Aug 19 01:38:40 UTC 2010

/usr/bin/uname -p = unknown
/bin/uname -X     = unknown

/bin/arch              = unknown
/usr/bin/arch -k       = unknown
/usr/convex/getsysinfo = unknown
/usr/bin/hostinfo      = unknown
/bin/machine           = unknown
/usr/bin/oslevel       = unknown
/bin/universe          = unknown

PATH: /usr/sbin
PATH: /usr/bin
PATH: /sbin
PATH: /bin
PATH: /usr/bin/X11


## ----------- ##
## Core tests. ##
## ----------- ##

configure:2345: checking for a BSD-compatible install
configure:2413: result: /usr/bin/install -c
configure:2424: checking whether build environment is sane
configure:2474: result: yes
configure:2615: checking for a thread-safe mkdir -p
configure:2654: result: /bin/mkdir -p
configure:2667: checking for gawk
configure:2683: found /usr/bin/gawk
configure:2694: result: gawk
configure:2705: checking whether make sets $(MAKE)
configure:2727: result: yes
configure:2808: checking whether to enable maintainer-specific portions of Makefiles
configure:2817: result: no
configure:2895: checking for gcc
configure:2911: found /usr/bin/gcc
configure:2922: result: gcc
configure:3151: checking for C compiler version
configure:3160: gcc --version >&5
gcc (Ubuntu 4.4.3-4ubuntu5) 4.4.3
Copyright (C) 2009 Free Software Foundation, Inc.
This is free software; see the source for copying conditions.  There is NO
warranty; not even for MERCHANTABILITY or FITNESS FOR A PARTICULAR PURPOSE.

configure:3171: $? = 0
configure:3160: gcc -v >&5
Using built-in specs.
Target: x86_64-linux-gnu
Configured with: ../src/configure -v --with-pkgversion='Ubuntu 4.4.3-4ubuntu5' --with-bugurl=file:///usr/share/doc/gcc-4.4/README.Bugs --enable-languages=c,c++,fortran,objc,obj-c++ --prefix=/usr --enable-shared --enable-multiarch --enable-linker-build-id --with-system-zlib --libexecdir=/usr/lib --without-included-gettext --enable-threads=posix --with-gxx-include-dir=/usr/include/c++/4.4 --program-suffix=-4.4 --enable-nls --enable-clocale=gnu --enable-libstdcxx-debug --enable-plugin --enable-objc-gc --disable-werror --with-arch-32=i486 --with-tune=generic --enable-checking=release --build=x86_64-linux-gnu --host=x86_64-linux-gnu --target=x86_64-linux-gnu
Thread model: posix
gcc version 4.4.3 (Ubuntu 4.4.3-4ubuntu5) 
configure:3171: $? = 0
configure:3160: gcc -V >&5
gcc: '-V' option must have argument
configure:3171: $? = 1
configure:3160: gcc -qversion >&5
gcc: unrecognized option '-qversion'
gcc: no input files
configure:3171: $? = 1
configure:3191: checking whether the C compiler works
configure:3213: gcc -Wall -g -O2  -Wl,-Bsymbolic-functions conftest.c  >&5
configure:3217: $? = 0
configure:3266: result: yes
configure:3269: checking for C compiler default output file name
configure:3271: result: a.out
configure:3277: checking for suffix of executables
configure:3284: gcc -o conftest -Wall -g -O2  -Wl,-Bsymbolic-functions conftest.c  >&5
configure:3288: $? = 0
configure:3310: result: 
configure:3332: checking whether we are cross compiling
configure:3340: gcc -o conftest -Wall -g -O2  -Wl,-Bsymbolic-functions conftest.c  >&5
configure:3344: $? = 0
configure:3351: ./conftest
configure:3355: $? = 0
configure:3370: result: no
configure:3375: checking for suffix of object files
configure:3397: gcc -c -Wall -g -O2  conftest.c >&5
configure:3401: $? = 0
configure:3422: result: o
configure:3426: checking whether we are using the GNU C compiler
configure:3445: gcc -c -Wall -g -O2  conftest.c >&5
configure:3445: $? = 0
configure:3454: result: yes
configure:3463: checking whether gcc accepts -g
configure:3483: gcc -c -g  conftest.c >&5
configure:3483: $? = 0
configure:3524: result: yes
configure:3541: checking for gcc option to accept ISO C89
configure:3605: gcc  -c -Wall -g -O2  conftest.c >&5
configure:3605: $? = 0
configure:3618: result: none needed
configure:3649: checking for style of include used by make
configure:3677: result: GNU
configure:3702: checking dependency style of gcc
configure:3812: result: gcc3
configure:3856: checking build system type
configure:3870: result: x86_64-pc-linux-gnu
configure:3890: checking host system type
configure:3903: result: x86_64-pc-linux-gnu
configure:3923: checking for a sed that does not truncate output
configure:3987: result: /bin/sed
configure:4005: checking for grep that handles long lines and -e
configure:4063: result: /bin/grep
configure:4068: checking for egrep
configure:4130: result: /bin/grep -E
configure:4135: checking for fgrep
configure:4197: result: /bin/grep -F
configure:4232: checking for ld used by gcc
configure:4299: result: /usr/bin/ld
configure:4306: checking if the linker (/usr/bin/ld) is GNU ld
configure:4321: result: yes
configure:4333: checking for BSD- or MS-compatible name lister (nm)
configure:4382: result: /usr/bin/nm -B
configure:4500: checking the name lister (/usr/bin/nm -B) interface
configure:4507: gcc -c -Wall -g -O2  conftest.c >&5
configure:4510: /usr/bin/nm -B "conftest.o"
configure:4513: output
0000000000000000 B some_variable
configure:4520: result: BSD nm
configure:4523: checking whether ln -s works
configure:4527: result: yes
configure:4535: checking the maximum length of command line arguments
configure:4655: result: 3458764513820540925
configure:4672: checking whether the shell understands some XSI constructs
configure:4682: result: yes
configure:4686: checking whether the shell understands "+="
configure:4692: result: yes
configure:4727: checking for /usr/bin/ld option to reload object files
configure:4734: result: -r
configure:4803: checking for objdump
configure:4819: found /usr/bin/objdump
configure:4830: result: objdump
configure:4862: checking how to recognize dependent libraries
configure:5058: result: pass_all
configure:5118: checking for ar
configure:5134: found /usr/bin/ar
configure:5145: result: ar
configure:5223: checking for strip
configure:5239: found /usr/bin/strip
configure:5250: result: strip
configure:5322: checking for ranlib
configure:5338: found /usr/bin/ranlib
configure:5349: result: ranlib
configure:5439: checking command to parse /usr/bin/nm -B output from gcc object
configure:5557: gcc -c -Wall -g -O2  conftest.c >&5
configure:5560: $? = 0
configure:5564: /usr/bin/nm -B conftest.o \| sed -n -e 's/^.*[	 ]\([ABCDGIRSTW][ABCDGIRSTW]*\)[	 ][	 ]*\([_A-Za-z][_A-Za-z0-9]*\)$/\1 \2 \2/p' \> conftest.nm
configure:5567: $? = 0
configure:5621: gcc -o conftest -Wall -g -O2  -Wl,-Bsymbolic-functions conftest.c conftstm.o >&5
configure:5624: $? = 0
configure:5662: result: ok
configure:5758: gcc -c -Wall -g -O2  conftest.c >&5
configure:5761: $? = 0
configure:6471: checking how to run the C preprocessor
configure:6502: gcc -E  conftest.c
configure:6502: $? = 0
configure:6516: gcc -E  conftest.c
conftest.c:11:28: error: ac_nonexistent.h: No such file or directory
configure:6516: $? = 1
configure: failed program was:
| /* confdefs.h */
| #define PACKAGE_NAME "libXinerama"
| #define PACKAGE_TARNAME "libXinerama"
| #define PACKAGE_VERSION "1.1"
| #define PACKAGE_STRING "libXinerama 1.1"
| #define PACKAGE_BUGREPORT "https://bugs.freedesktop.org/enter_bug.cgi?product=xorg"
| #define PACKAGE_URL ""
| #define PACKAGE "libXinerama"
| #define VERSION "1.1"
| /* end confdefs.h.  */
| #include <ac_nonexistent.h>
configure:6541: result: gcc -E
configure:6561: gcc -E  conftest.c
configure:6561: $? = 0
configure:6575: gcc -E  conftest.c
conftest.c:11:28: error: ac_nonexistent.h: No such file or directory
configure:6575: $? = 1
configure: failed program was:
| /* confdefs.h */
| #define PACKAGE_NAME "libXinerama"
| #define PACKAGE_TARNAME "libXinerama"
| #define PACKAGE_VERSION "1.1"
| #define PACKAGE_STRING "libXinerama 1.1"
| #define PACKAGE_BUGREPORT "https://bugs.freedesktop.org/enter_bug.cgi?product=xorg"
| #define PACKAGE_URL ""
| #define PACKAGE "libXinerama"
| #define VERSION "1.1"
| /* end confdefs.h.  */
| #include <ac_nonexistent.h>
configure:6604: checking for ANSI C header files
configure:6624: gcc -c -Wall -g -O2  conftest.c >&5
configure:6624: $? = 0
configure:6697: gcc -o conftest -Wall -g -O2  -Wl,-Bsymbolic-functions conftest.c  >&5
configure:6697: $? = 0
configure:6697: ./conftest
configure:6697: $? = 0
configure:6708: result: yes
configure:6721: checking for sys/types.h
configure:6721: gcc -c -Wall -g -O2  conftest.c >&5
configure:6721: $? = 0
configure:6721: result: yes
configure:6721: checking for sys/stat.h
configure:6721: gcc -c -Wall -g -O2  conftest.c >&5
configure:6721: $? = 0
configure:6721: result: yes
configure:6721: checking for stdlib.h
configure:6721: gcc -c -Wall -g -O2  conftest.c >&5
configure:6721: $? = 0
configure:6721: result: yes
configure:6721: checking for string.h
configure:6721: gcc -c -Wall -g -O2  conftest.c >&5
configure:6721: $? = 0
configure:6721: result: yes
configure:6721: checking for memory.h
configure:6721: gcc -c -Wall -g -O2  conftest.c >&5
configure:6721: $? = 0
configure:6721: result: yes
configure:6721: checking for strings.h
configure:6721: gcc -c -Wall -g -O2  conftest.c >&5
configure:6721: $? = 0
configure:6721: result: yes
configure:6721: checking for inttypes.h
configure:6721: gcc -c -Wall -g -O2  conftest.c >&5
configure:6721: $? = 0
configure:6721: result: yes
configure:6721: checking for stdint.h
configure:6721: gcc -c -Wall -g -O2  conftest.c >&5
configure:6721: $? = 0
configure:6721: result: yes
configure:6721: checking for unistd.h
configure:6721: gcc -c -Wall -g -O2  conftest.c >&5
configure:6721: $? = 0
configure:6721: result: yes
configure:6736: checking for dlfcn.h
configure:6736: gcc -c -Wall -g -O2  conftest.c >&5
configure:6736: $? = 0
configure:6736: result: yes
configure:6920: checking for objdir
configure:6935: result: .libs
configure:7227: checking if gcc supports -fno-rtti -fno-exceptions
configure:7245: gcc -c -Wall -g -O2  -fno-rtti -fno-exceptions conftest.c >&5
cc1: warning: command line option "-fno-rtti" is valid for C++/ObjC++ but not for C
configure:7249: $? = 0
configure:7262: result: no
configure:7282: checking for gcc option to produce PIC
configure:7554: result: -fPIC -DPIC
configure:7566: checking if gcc PIC flag -fPIC -DPIC works
configure:7584: gcc -c -Wall -g -O2  -fPIC -DPIC -DPIC conftest.c >&5
configure:7588: $? = 0
configure:7601: result: yes
configure:7625: checking if gcc static flag -static works
configure:7653: result: yes
configure:7668: checking if gcc supports -c -o file.o
configure:7689: gcc -c -Wall -g -O2  -o out/conftest2.o conftest.c >&5
configure:7693: $? = 0
configure:7715: result: yes
configure:7723: checking if gcc supports -c -o file.o
configure:7770: result: yes
configure:7803: checking whether the gcc linker (/usr/bin/ld -m elf_x86_64) supports shared libraries
configure:8794: result: yes
configure:8831: checking whether -lc should be explicitly linked in
configure:8836: gcc -c -Wall -g -O2  conftest.c >&5
configure:8839: $? = 0
configure:8854: gcc -shared conftest.o  -v -Wl,-soname -Wl,conftest -o conftest 2\>\&1 \| /bin/grep  -lc  \>/dev/null 2\>\&1
configure:8857: $? = 0
configure:8869: result: no
configure:9033: checking dynamic linker characteristics
configure:9466: gcc -o conftest -Wall -g -O2  -Wl,-Bsymbolic-functions -Wl,-rpath -Wl,/foo conftest.c  >&5
configure:9466: $? = 0
configure:9696: result: GNU/Linux ld.so
configure:9798: checking how to hardcode library paths into programs
configure:9823: result: immediate
configure:10343: checking whether stripping libraries is possible
configure:10348: result: yes
configure:10383: checking if libtool supports shared libraries
configure:10385: result: yes
configure:10388: checking whether to build shared libraries
configure:10409: result: yes
configure:10412: checking whether to build static libraries
configure:10416: result: yes
configure:10451: checking for gcc option to accept ISO C99
configure:10600: gcc  -c -Wall -g -O2  conftest.c >&5
conftest.c:73: error: expected ';', ',' or ')' before 'text'
conftest.c: In function 'main':
conftest.c:125: warning: implicit declaration of function 'test_restrict'
conftest.c:127: error: expected '=', ',', ';', 'asm' or '__attribute__' before 'newvar'
conftest.c:127: error: 'newvar' undeclared (first use in this function)
conftest.c:127: error: (Each undeclared identifier is reported only once
conftest.c:127: error: for each function it appears in.)
conftest.c:137: error: 'for' loop initial declarations are only allowed in C99 mode
conftest.c:137: note: use option -std=c99 or -std=gnu99 to compile your code
configure:10600: $? = 1
configure: failed program was:
| /* confdefs.h */
| #define PACKAGE_NAME "libXinerama"
| #define PACKAGE_TARNAME "libXinerama"
| #define PACKAGE_VERSION "1.1"
| #define PACKAGE_STRING "libXinerama 1.1"
| #define PACKAGE_BUGREPORT "https://bugs.freedesktop.org/enter_bug.cgi?product=xorg"
| #define PACKAGE_URL ""
| #define PACKAGE "libXinerama"
| #define VERSION "1.1"
| #define STDC_HEADERS 1
| #define HAVE_SYS_TYPES_H 1
| #define HAVE_SYS_STAT_H 1
| #define HAVE_STDLIB_H 1
| #define HAVE_STRING_H 1
| #define HAVE_MEMORY_H 1
| #define HAVE_STRINGS_H 1
| #define HAVE_INTTYPES_H 1
| #define HAVE_STDINT_H 1
| #define HAVE_UNISTD_H 1
| #define HAVE_DLFCN_H 1
| #define LT_OBJDIR ".libs/"
| /* end confdefs.h.  */
| #include <stdarg.h>
| #include <stdbool.h>
| #include <stdlib.h>
| #include <wchar.h>
| #include <stdio.h>
| 
| // Check varargs macros.  These examples are taken from C99 6.10.3.5.
| #define debug(...) fprintf (stderr, __VA_ARGS__)
| #define showlist(...) puts (#__VA_ARGS__)
| #define report(test,...) ((test) ? puts (#test) : printf (__VA_ARGS__))
| static void
| test_varargs_macros (void)
| {
|   int x = 1234;
|   int y = 5678;
|   debug ("Flag");
|   debug ("X = %d\n", x);
|   showlist (The first, second, and third items.);
|   report (x>y, "x is %d but y is %d", x, y);
| }
| 
| // Check long long types.
| #define BIG64 18446744073709551615ull
| #define BIG32 4294967295ul
| #define BIG_OK (BIG64 / BIG32 == 4294967297ull && BIG64 % BIG32 == 0)
| #if !BIG_OK
|   your preprocessor is broken;
| #endif
| #if BIG_OK
| #else
|   your preprocessor is broken;
| #endif
| static long long int bignum = -9223372036854775807LL;
| static unsigned long long int ubignum = BIG64;
| 
| struct incomplete_array
| {
|   int datasize;
|   double data[];
| };
| 
| struct named_init {
|   int number;
|   const wchar_t *name;
|   double average;
| };
| 
| typedef const char *ccp;
| 
| static inline int
| test_restrict (ccp restrict text)
| {
|   // See if C++-style comments work.
|   // Iterate through items via the restricted pointer.
|   // Also check for declarations in for loops.
|   for (unsigned int i = 0; *(text+i) != '\0'; ++i)
|     continue;
|   return 0;
| }
| 
| // Check varargs and va_copy.
| static void
| test_varargs (const char *format, ...)
| {
|   va_list args;
|   va_start (args, format);
|   va_list args_copy;
|   va_copy (args_copy, args);
| 
|   const char *str;
|   int number;
|   float fnumber;
| 
|   while (*format)
|     {
|       switch (*format++)
| 	{
| 	case 's': // string
| 	  str = va_arg (args_copy, const char *);
| 	  break;
| 	case 'd': // int
| 	  number = va_arg (args_copy, int);
| 	  break;
| 	case 'f': // float
| 	  fnumber = va_arg (args_copy, double);
| 	  break;
| 	default:
| 	  break;
| 	}
|     }
|   va_end (args_copy);
|   va_end (args);
| }
| 
| int
| main ()
| {
| 
|   // Check bool.
|   _Bool success = false;
| 
|   // Check restrict.
|   if (test_restrict ("String literal") == 0)
|     success = true;
|   char *restrict newvar = "Another string";
| 
|   // Check varargs.
|   test_varargs ("s, d' f .", "string", 65, 34.234);
|   test_varargs_macros ();
| 
|   // Check flexible array members.
|   struct incomplete_array *ia =
|     malloc (sizeof (struct incomplete_array) + (sizeof (double) * 10));
|   ia->datasize = 10;
|   for (int i = 0; i < ia->datasize; ++i)
|     ia->data[i] = i * 1.234;
| 
|   // Check named initializers.
|   struct named_init ni = {
|     .number = 34,
|     .name = L"Test wide string",
|     .average = 543.34343,
|   };
| 
|   ni.number = 58;
| 
|   int dynamic_array[ni.number];
|   dynamic_array[ni.number - 1] = 543;
| 
|   // work around unused variable warnings
|   return (!success || bignum == 0LL || ubignum == 0uLL || newvar[0] == 'x'
| 	  || dynamic_array[ni.number - 1] != 543);
| 
|   ;
|   return 0;
| }
configure:10600: gcc -std=gnu99 -c -Wall -g -O2  conftest.c >&5
configure:10600: $? = 0
configure:10620: result: -std=gnu99
configure:10677: checking for pkg-config
configure:10695: found /usr/bin/pkg-config
configure:10707: result: /usr/bin/pkg-config
configure:10732: checking pkg-config is at least version 0.9.0
configure:10735: result: yes
configure:10951: checking for XINERAMA
configure:10959: $PKG_CONFIG --exists --print-errors "x11 xext xextproto xineramaproto >= 1.1.99.1"
configure:10962: $? = 0
configure:10977: $PKG_CONFIG --exists --print-errors "x11 xext xextproto xineramaproto >= 1.1.99.1"
configure:10980: $? = 0
configure:11035: result: yes
configure:11094: checking whether malloc(0) returns NULL
configure:11115: gcc -std=gnu99 -o conftest -Wall -g -O2  -Wl,-Bsymbolic-functions conftest.c  >&5
conftest.c:27: warning: conflicting types for built-in function 'malloc'
conftest.c:28: warning: conflicting types for built-in function 'realloc'
conftest.c:29: warning: conflicting types for built-in function 'calloc'
conftest.c:30: warning: return type defaults to 'int'
conftest.c: In function 'main':
conftest.c:36: warning: implicit declaration of function 'exit'
conftest.c:36: warning: incompatible implicit declaration of built-in function 'exit'
configure:11115: $? = 0
configure:11115: ./conftest
configure:11115: $? = 0
configure:11125: result: yes
configure:11271: creating ./config.status

## ---------------------- ##
## Running config.status. ##
## ---------------------- ##

This file was extended by libXinerama config.status 1.1, which was
generated by GNU Autoconf 2.65.  Invocation command line was

  CONFIG_FILES    = 
  CONFIG_HEADERS  = 
  CONFIG_LINKS    = 
  CONFIG_COMMANDS = 
  $ ./config.status 

on mattes18

config.status:1103: creating Makefile
config.status:1103: creating src/Makefile
config.status:1103: creating man/Makefile
config.status:1103: creating xinerama.pc
config.status:1103: creating config.h
config.status:1316: executing depfiles commands
config.status:1316: executing libtool commands

## ---------------- ##
## Cache variables. ##
## ---------------- ##

ac_cv_build=x86_64-pc-linux-gnu
ac_cv_c_compiler_gnu=yes
ac_cv_env_CC_set=
ac_cv_env_CC_value=
ac_cv_env_CFLAGS_set=set
ac_cv_env_CFLAGS_value='-Wall -g -O2'
ac_cv_env_CPPFLAGS_set=set
ac_cv_env_CPPFLAGS_value=
ac_cv_env_CPP_set=
ac_cv_env_CPP_value=
ac_cv_env_LDFLAGS_set=set
ac_cv_env_LDFLAGS_value=-Wl,-Bsymbolic-functions
ac_cv_env_LIBS_set=
ac_cv_env_LIBS_value=
ac_cv_env_PKG_CONFIG_set=
ac_cv_env_PKG_CONFIG_value=
ac_cv_env_XINERAMA_CFLAGS_set=
ac_cv_env_XINERAMA_CFLAGS_value=
ac_cv_env_XINERAMA_LIBS_set=
ac_cv_env_XINERAMA_LIBS_value=
ac_cv_env_build_alias_set=set
ac_cv_env_build_alias_value=x86_64-linux-gnu
ac_cv_env_host_alias_set=
ac_cv_env_host_alias_value=
ac_cv_env_target_alias_set=
ac_cv_env_target_alias_value=
ac_cv_header_dlfcn_h=yes
ac_cv_header_inttypes_h=yes
ac_cv_header_memory_h=yes
ac_cv_header_stdc=yes
ac_cv_header_stdint_h=yes
ac_cv_header_stdlib_h=yes
ac_cv_header_string_h=yes
ac_cv_header_strings_h=yes
ac_cv_header_sys_stat_h=yes
ac_cv_header_sys_types_h=yes
ac_cv_header_unistd_h=yes
ac_cv_host=x86_64-pc-linux-gnu
ac_cv_objext=o
ac_cv_path_EGREP='/bin/grep -E'
ac_cv_path_FGREP='/bin/grep -F'
ac_cv_path_GREP=/bin/grep
ac_cv_path_SED=/bin/sed
ac_cv_path_ac_pt_PKG_CONFIG=/usr/bin/pkg-config
ac_cv_path_install='/usr/bin/install -c'
ac_cv_path_mkdir=/bin/mkdir
ac_cv_prog_AWK=gawk
ac_cv_prog_CPP='gcc -E'
ac_cv_prog_ac_ct_AR=ar
ac_cv_prog_ac_ct_CC=gcc
ac_cv_prog_ac_ct_OBJDUMP=objdump
ac_cv_prog_ac_ct_RANLIB=ranlib
ac_cv_prog_ac_ct_STRIP=strip
ac_cv_prog_cc_c89=
ac_cv_prog_cc_c99=-std=gnu99
ac_cv_prog_cc_g=yes
ac_cv_prog_make_make_set=yes
am_cv_CC_dependencies_compiler_type=gcc3
lt_cv_deplibs_check_method=pass_all
lt_cv_file_magic_cmd='$MAGIC_CMD'
lt_cv_file_magic_test_file=
lt_cv_ld_reload_flag=-r
lt_cv_nm_interface='BSD nm'
lt_cv_objdir=.libs
lt_cv_path_LD=/usr/bin/ld
lt_cv_path_NM='/usr/bin/nm -B'
lt_cv_prog_compiler_c_o=yes
lt_cv_prog_compiler_pic_works=yes
lt_cv_prog_compiler_rtti_exceptions=no
lt_cv_prog_compiler_static_works=yes
lt_cv_prog_gnu_ld=yes
lt_cv_sys_global_symbol_pipe='sed -n -e '\''s/^.*[	 ]\([ABCDGIRSTW][ABCDGIRSTW]*\)[	 ][	 ]*\([_A-Za-z][_A-Za-z0-9]*\)$/\1 \2 \2/p'\'''
lt_cv_sys_global_symbol_to_c_name_address='sed -n -e '\''s/^: \([^ ]*\) $/  {\"\1\", (void *) 0},/p'\'' -e '\''s/^[ABCDGIRSTW]* \([^ ]*\) \([^ ]*\)$/  {"\2", (void *) \&\2},/p'\'''
lt_cv_sys_global_symbol_to_c_name_address_lib_prefix='sed -n -e '\''s/^: \([^ ]*\) $/  {\"\1\", (void *) 0},/p'\'' -e '\''s/^[ABCDGIRSTW]* \([^ ]*\) \(lib[^ ]*\)$/  {"\2", (void *) \&\2},/p'\'' -e '\''s/^[ABCDGIRSTW]* \([^ ]*\) \([^ ]*\)$/  {"lib\2", (void *) \&\2},/p'\'''
lt_cv_sys_global_symbol_to_cdecl='sed -n -e '\''s/^T .* \(.*\)$/extern int \1();/p'\'' -e '\''s/^[ABCDGIRSTW]* .* \(.*\)$/extern char \1;/p'\'''
lt_cv_sys_max_cmd_len=3458764513820540925
pkg_cv_XINERAMA_CFLAGS=' '
pkg_cv_XINERAMA_LIBS='-lX11 -lXext  '

## ----------------- ##
## Output variables. ##
## ----------------- ##

ACLOCAL='${SHELL} /home/andy/source/libxinerama-1.1/missing --run aclocal-1.11'
ADMIN_MAN_DIR='$(mandir)/man$(ADMIN_MAN_SUFFIX)'
ADMIN_MAN_SUFFIX='8'
AMDEPBACKSLASH='\'
AMDEP_FALSE='#'
AMDEP_TRUE=''
AMTAR='${SHELL} /home/andy/source/libxinerama-1.1/missing --run tar'
AM_BACKSLASH='\'
AM_DEFAULT_VERBOSITY='0'
APP_MAN_DIR='$(mandir)/man$(APP_MAN_SUFFIX)'
APP_MAN_SUFFIX='1'
AR='ar'
AUTOCONF='${SHELL} /home/andy/source/libxinerama-1.1/missing --run autoconf'
AUTOHEADER='${SHELL} /home/andy/source/libxinerama-1.1/missing --run autoheader'
AUTOMAKE='${SHELL} /home/andy/source/libxinerama-1.1/missing --run automake-1.11'
AWK='gawk'
CC='gcc -std=gnu99'
CCDEPMODE='depmode=gcc3'
CFLAGS='-Wall -g -O2'
CHANGELOG_CMD='(GIT_DIR=$(top_srcdir)/.git git log > $(top_srcdir)/.changelog.tmp && mv $(top_srcdir)/.changelog.tmp $(top_srcdir)/ChangeLog) || (rm -f $(top_srcdir)/.changelog.tmp; touch $(top_srcdir)/ChangeLog; echo '\''git directory not found: installing possibly empty changelog.'\'' >&2)'
CPP='gcc -E'
CPPFLAGS=''
CWARNFLAGS='-Wall -Wpointer-arith -Wstrict-prototypes -Wmissing-prototypes -Wmissing-declarations -Wnested-externs -fno-strict-aliasing -Wbad-function-cast -Wold-style-definition -Wdeclaration-after-statement '
CYGPATH_W='echo'
DEFS='-DHAVE_CONFIG_H'
DEPDIR='.deps'
DRIVER_MAN_DIR='$(mandir)/man$(DRIVER_MAN_SUFFIX)'
DRIVER_MAN_SUFFIX='4'
DSYMUTIL=''
DUMPBIN=''
ECHO_C=''
ECHO_N='-n'
ECHO_T=''
EGREP='/bin/grep -E'
EXEEXT=''
FGREP='/bin/grep -F'
FILE_MAN_DIR='$(mandir)/man$(FILE_MAN_SUFFIX)'
FILE_MAN_SUFFIX='5'
GREP='/bin/grep'
INSTALL_CMD='(cp -f /usr/share/util-macros/INSTALL $(top_srcdir)/.INSTALL.tmp && mv $(top_srcdir)/.INSTALL.tmp $(top_srcdir)/INSTALL) || (rm -f $(top_srcdir)/.INSTALL.tmp; touch $(top_srcdir)/INSTALL; echo '\''util-macros "pkgdatadir" from xorg-macros.pc not found: installing possibly empty INSTALL.'\'' >&2)'
INSTALL_DATA='${INSTALL} -m 644'
INSTALL_PROGRAM='${INSTALL}'
INSTALL_SCRIPT='${INSTALL}'
INSTALL_STRIP_PROGRAM='$(install_sh) -c -s'
LD='/usr/bin/ld -m elf_x86_64'
LDFLAGS='-Wl,-Bsymbolic-functions'
LIBOBJS=''
LIBS=''
LIBTOOL='$(SHELL) $(top_builddir)/libtool'
LIB_MAN_DIR='$(mandir)/man$(LIB_MAN_SUFFIX)'
LIB_MAN_SUFFIX='3'
LINT='no'
LINT_FALSE=''
LINT_FLAGS=' -Wall -Wpointer-arith -Wstrict-prototypes -Wmissing-prototypes -Wmissing-declarations -Wnested-externs -fno-strict-aliasing -Wbad-function-cast -Wold-style-definition -Wdeclaration-after-statement   '
LINT_TRUE='#'
LIPO=''
LN_S='ln -s'
LTLIBOBJS=''
MAINT='#'
MAINTAINER_MODE_FALSE=''
MAINTAINER_MODE_TRUE='#'
MAKEINFO='${SHELL} /home/andy/source/libxinerama-1.1/missing --run makeinfo'
MALLOC_ZERO_CFLAGS='-DMALLOC_0_RETURNS_NULL'
MISC_MAN_DIR='$(mandir)/man$(MISC_MAN_SUFFIX)'
MISC_MAN_SUFFIX='7'
MKDIR_P='/bin/mkdir -p'
NM='/usr/bin/nm -B'
NMEDIT=''
OBJDUMP='objdump'
OBJEXT='o'
OTOOL64=''
OTOOL=''
PACKAGE='libXinerama'
PACKAGE_BUGREPORT='https://bugs.freedesktop.org/enter_bug.cgi?product=xorg'
PACKAGE_NAME='libXinerama'
PACKAGE_STRING='libXinerama 1.1'
PACKAGE_TARNAME='libXinerama'
PACKAGE_URL=''
PACKAGE_VERSION='1.1'
PATH_SEPARATOR=':'
PKG_CONFIG='/usr/bin/pkg-config'
RANLIB='ranlib'
SED='/bin/sed'
SET_MAKE=''
SHELL='/bin/bash'
STRIP='strip'
VERSION='1.1'
XINERAMA_CFLAGS='-Wall -Wpointer-arith -Wstrict-prototypes -Wmissing-prototypes -Wmissing-declarations -Wnested-externs -fno-strict-aliasing -Wbad-function-cast -Wold-style-definition -Wdeclaration-after-statement   '
XINERAMA_LIBS='-lX11 -lXext  '
XMALLOC_ZERO_CFLAGS='-DMALLOC_0_RETURNS_NULL'
XTMALLOC_ZERO_CFLAGS='-DMALLOC_0_RETURNS_NULL -DXTMALLOC_BC'
ac_ct_CC='gcc'
ac_ct_DUMPBIN=''
am__EXEEXT_FALSE=''
am__EXEEXT_TRUE='#'
am__fastdepCC_FALSE='#'
am__fastdepCC_TRUE=''
am__include='include'
am__isrc=' -I$(srcdir)'
am__leading_dot='.'
am__quote=''
am__tar='${AMTAR} chof - "$$tardir"'
am__untar='${AMTAR} xf -'
bindir='${exec_prefix}/bin'
build='x86_64-pc-linux-gnu'
build_alias='x86_64-linux-gnu'
build_cpu='x86_64'
build_os='linux-gnu'
build_vendor='pc'
datadir='${datarootdir}'
datarootdir='${prefix}/share'
docdir='${datarootdir}/doc/${PACKAGE_TARNAME}'
dvidir='${docdir}'
exec_prefix='${prefix}'
host='x86_64-pc-linux-gnu'
host_alias=''
host_cpu='x86_64'
host_os='linux-gnu'
host_vendor='pc'
htmldir='${docdir}'
includedir='${prefix}/include'
infodir='${prefix}/share/info'
install_sh='${SHELL} /home/andy/source/libxinerama-1.1/install-sh'
libdir='${exec_prefix}/lib'
libexecdir='${exec_prefix}/libexec'
localedir='${datarootdir}/locale'
localstatedir='${prefix}/var'
lt_ECHO='echo'
mandir='${prefix}/share/man'
mkdir_p='/bin/mkdir -p'
oldincludedir='/usr/include'
pdfdir='${docdir}'
prefix='/usr'
program_transform_name='s,x,x,'
psdir='${docdir}'
sbindir='${exec_prefix}/sbin'
sharedstatedir='${prefix}/com'
sysconfdir='${prefix}/etc'
target_alias=''

## ----------- ##
## confdefs.h. ##
## ----------- ##

/* confdefs.h */
#define PACKAGE_NAME "libXinerama"
#define PACKAGE_TARNAME "libXinerama"
#define PACKAGE_VERSION "1.1"
#define PACKAGE_STRING "libXinerama 1.1"
#define PACKAGE_BUGREPORT "https://bugs.freedesktop.org/enter_bug.cgi?product=xorg"
#define PACKAGE_URL ""
#define PACKAGE "libXinerama"
#define VERSION "1.1"
#define STDC_HEADERS 1
#define HAVE_SYS_TYPES_H 1
#define HAVE_SYS_STAT_H 1
#define HAVE_STDLIB_H 1
#define HAVE_STRING_H 1
#define HAVE_MEMORY_H 1
#define HAVE_STRINGS_H 1
#define HAVE_INTTYPES_H 1
#define HAVE_STDINT_H 1
#define HAVE_UNISTD_H 1
#define HAVE_DLFCN_H 1
#define LT_OBJDIR ".libs/"
#define PACKAGE_VERSION_MAJOR 1
#define PACKAGE_VERSION_MINOR 1
#define PACKAGE_VERSION_PATCHLEVEL 0

configure: exit 0
